<?xml version="1.0" encoding="UTF-8"?>
<testng-results ignored="0" total="1" passed="1" failed="0" skipped="0">
  <reporter-output>
  </reporter-output>
  <suite started-at="2023-04-24T13:20:20Z" name="Default suite" finished-at="2023-04-24T13:20:20Z" duration-ms="64">
    <groups>
    </groups>
    <test started-at="2023-04-24T13:20:20Z" name="Default test" finished-at="2023-04-24T13:20:20Z" duration-ms="64">
      <class name="SeleniumProgram.SampleTestNG">
        <test-method signature="add()[pri:0, instance:SeleniumProgram.SampleTestNG@4e31276e]" started-at="2023-04-24T13:20:20Z" name="add" finished-at="2023-04-24T13:20:20Z" duration-ms="16" status="PASS">
          <reporter-output>
          </reporter-output>
        </test-method> <!-- add -->
      </class> <!-- SeleniumProgram.SampleTestNG -->
    </test> <!-- Default test -->
  </suite> <!-- Default suite -->
</testng-results>
